{"level":"info","message":"Hello from Acquisitions!","service":"acquisitions-api"}
{"level":"info","message":"::1 - - [04/Jul/2026:19:20:16 +0000] \"GET / HTTP/1.1\" 304 - \"-\" \"Mozilla/5.0 (Windows NT 10.0; Win64; x64) AppleWebKit/537.36 (KHTML, like Gecko) Chrome/150.0.0.0 Safari/537.36\"","service":"acquisitions-api"}
{"level":"info","message":"Hello from Acquisitions!","service":"acquisitions-api"}
{"level":"info","message":"::1 - - [04/Jul/2026:21:12:27 +0000] \"GET / HTTP/1.1\" 304 - \"-\" \"Mozilla/5.0 (Windows NT 10.0; Win64; x64) AppleWebKit/537.36 (KHTML, like Gecko) Chrome/150.0.0.0 Safari/537.36\"","service":"acquisitions-api"}
{"level":"info","message":"::1 - - [04/Jul/2026:21:12:27 +0000] \"GET /favicon.ico HTTP/1.1\" 404 150 \"-\" \"Mozilla/5.0 (Windows NT 10.0; Win64; x64) AppleWebKit/537.36 (KHTML, like Gecko) Chrome/150.0.0.0 Safari/537.36\"","service":"acquisitions-api"}
{"level":"info","message":"Hello from Acquisitions!","service":"acquisitions-api"}
{"level":"info","message":"::1 - - [04/Jul/2026:21:14:45 +0000] \"GET / HTTP/1.1\" 200 23 \"-\" \"HTTPie\"","service":"acquisitions-api"}
{"level":"info","message":"::1 - - [04/Jul/2026:21:15:07 +0000] \"GET /api HTTP/1.1\" 200 41 \"-\" \"HTTPie\"","service":"acquisitions-api"}
{"level":"info","message":"::1 - - [04/Jul/2026:21:15:18 +0000] \"GET /health HTTP/1.1\" 200 75 \"-\" \"HTTPie\"","service":"acquisitions-api"}
{"level":"info","message":"::1 - - [04/Jul/2026:21:15:23 +0000] \"GET /health HTTP/1.1\" 200 75 \"-\" \"HTTPie\"","service":"acquisitions-api"}
{"level":"info","message":"::1 - - [04/Jul/2026:21:15:23 +0000] \"GET /health HTTP/1.1\" 200 75 \"-\" \"HTTPie\"","service":"acquisitions-api"}
{"level":"info","message":"::1 - - [04/Jul/2026:21:15:24 +0000] \"GET /health HTTP/1.1\" 200 75 \"-\" \"HTTPie\"","service":"acquisitions-api"}
{"level":"info","message":"::1 - - [04/Jul/2026:21:15:24 +0000] \"GET /health HTTP/1.1\" 200 75 \"-\" \"HTTPie\"","service":"acquisitions-api"}
{"level":"info","message":"::1 - - [04/Jul/2026:21:15:25 +0000] \"GET /health HTTP/1.1\" 200 75 \"-\" \"HTTPie\"","service":"acquisitions-api"}
{"level":"info","message":"::1 - - [04/Jul/2026:21:15:25 +0000] \"GET /health HTTP/1.1\" 200 75 \"-\" \"HTTPie\"","service":"acquisitions-api"}
{"level":"info","message":"::1 - - [04/Jul/2026:21:15:25 +0000] \"GET /health HTTP/1.1\" 200 75 \"-\" \"HTTPie\"","service":"acquisitions-api"}
{"level":"info","message":"::1 - - [04/Jul/2026:21:15:26 +0000] \"GET /health HTTP/1.1\" 200 75 \"-\" \"HTTPie\"","service":"acquisitions-api"}
{"level":"info","message":"::1 - - [04/Jul/2026:21:15:26 +0000] \"GET /health HTTP/1.1\" 200 75 \"-\" \"HTTPie\"","service":"acquisitions-api"}
{"level":"info","message":"::1 - - [04/Jul/2026:21:15:26 +0000] \"GET /health HTTP/1.1\" 200 75 \"-\" \"HTTPie\"","service":"acquisitions-api"}
{"level":"info","message":"::1 - - [04/Jul/2026:21:15:26 +0000] \"GET /health HTTP/1.1\" 200 75 \"-\" \"HTTPie\"","service":"acquisitions-api"}
{"level":"info","message":"::1 - - [04/Jul/2026:21:15:26 +0000] \"GET /health HTTP/1.1\" 200 75 \"-\" \"HTTPie\"","service":"acquisitions-api"}
{"level":"info","message":"::1 - - [04/Jul/2026:21:15:38 +0000] \"GET /api/auth/sign-in HTTP/1.1\" 404 155 \"-\" \"HTTPie\"","service":"acquisitions-api"}
{"level":"info","message":"::1 - - [04/Jul/2026:21:15:39 +0000] \"GET /api/auth/sign-in HTTP/1.1\" 404 155 \"-\" \"HTTPie\"","service":"acquisitions-api"}
{"level":"info","message":"::1 - - [04/Jul/2026:21:15:50 +0000] \"GET /api/auth/sign-in HTTP/1.1\" 404 155 \"-\" \"HTTPie\"","service":"acquisitions-api"}
{"level":"info","message":"::1 - - [04/Jul/2026:21:16:04 +0000] \"POST /api/auth/sign-in HTTP/1.1\" 200 31 \"-\" \"HTTPie\"","service":"acquisitions-api"}
{"level":"info","message":"::1 - - [04/Jul/2026:21:40:44 +0000] \"POST /api/auth/sign-up HTTP/1.1\" 200 31 \"-\" \"HTTPie\"","service":"acquisitions-api"}
{"level":"error","message":"Signup error signupSchema is not defined","service":"acquisitions-api","stack":"ReferenceError: signupSchema is not defined\n    at signup (file:///C:/Users/ABDULLAH/acquisitions/WebstormProjects/acquisitions/src/controllers/auth.controller.js:5:34)\n    at Layer.handleRequest (C:\\Users\\ABDULLAH\\acquisitions\\WebstormProjects\\acquisitions\\node_modules\\router\\lib\\layer.js:152:17)\n    at next (C:\\Users\\ABDULLAH\\acquisitions\\WebstormProjects\\acquisitions\\node_modules\\router\\lib\\route.js:157:13)\n    at Route.dispatch (C:\\Users\\ABDULLAH\\acquisitions\\WebstormProjects\\acquisitions\\node_modules\\router\\lib\\route.js:117:3)\n    at handle (C:\\Users\\ABDULLAH\\acquisitions\\WebstormProjects\\acquisitions\\node_modules\\router\\index.js:435:11)\n    at Layer.handleRequest (C:\\Users\\ABDULLAH\\acquisitions\\WebstormProjects\\acquisitions\\node_modules\\router\\lib\\layer.js:152:17)\n    at C:\\Users\\ABDULLAH\\acquisitions\\WebstormProjects\\acquisitions\\node_modules\\router\\index.js:295:15\n    at processParams (C:\\Users\\ABDULLAH\\acquisitions\\WebstormProjects\\acquisitions\\node_modules\\router\\index.js:582:12)\n    at next (C:\\Users\\ABDULLAH\\acquisitions\\WebstormProjects\\acquisitions\\node_modules\\router\\index.js:291:5)\n    at Function.handle (C:\\Users\\ABDULLAH\\acquisitions\\WebstormProjects\\acquisitions\\node_modules\\router\\index.js:186:3)"}
{"level":"info","message":"::1 - - [04/Jul/2026:21:44:10 +0000] \"POST /api/auth/sign-up HTTP/1.1\" 500 1492 \"-\" \"HTTPie\"","service":"acquisitions-api"}
{"level":"error","message":"Signup error signupSchema is not defined","service":"acquisitions-api","stack":"ReferenceError: signupSchema is not defined\n    at signup (file:///C:/Users/ABDULLAH/acquisitions/WebstormProjects/acquisitions/src/controllers/auth.controller.js:6:34)\n    at Layer.handleRequest (C:\\Users\\ABDULLAH\\acquisitions\\WebstormProjects\\acquisitions\\node_modules\\router\\lib\\layer.js:152:17)\n    at next (C:\\Users\\ABDULLAH\\acquisitions\\WebstormProjects\\acquisitions\\node_modules\\router\\lib\\route.js:157:13)\n    at Route.dispatch (C:\\Users\\ABDULLAH\\acquisitions\\WebstormProjects\\acquisitions\\node_modules\\router\\lib\\route.js:117:3)\n    at handle (C:\\Users\\ABDULLAH\\acquisitions\\WebstormProjects\\acquisitions\\node_modules\\router\\index.js:435:11)\n    at Layer.handleRequest (C:\\Users\\ABDULLAH\\acquisitions\\WebstormProjects\\acquisitions\\node_modules\\router\\lib\\layer.js:152:17)\n    at C:\\Users\\ABDULLAH\\acquisitions\\WebstormProjects\\acquisitions\\node_modules\\router\\index.js:295:15\n    at processParams (C:\\Users\\ABDULLAH\\acquisitions\\WebstormProjects\\acquisitions\\node_modules\\router\\index.js:582:12)\n    at next (C:\\Users\\ABDULLAH\\acquisitions\\WebstormProjects\\acquisitions\\node_modules\\router\\index.js:291:5)\n    at Function.handle (C:\\Users\\ABDULLAH\\acquisitions\\WebstormProjects\\acquisitions\\node_modules\\router\\index.js:186:3)"}
{"level":"info","message":"::1 - - [04/Jul/2026:21:46:56 +0000] \"POST /api/auth/sign-up HTTP/1.1\" 500 1492 \"-\" \"HTTPie\"","service":"acquisitions-api"}
{"level":"error","message":"Signup error signupSchema is not defined","service":"acquisitions-api","stack":"ReferenceError: signupSchema is not defined\n    at signup (file:///C:/Users/ABDULLAH/acquisitions/WebstormProjects/acquisitions/src/controllers/auth.controller.js:6:34)\n    at Layer.handleRequest (C:\\Users\\ABDULLAH\\acquisitions\\WebstormProjects\\acquisitions\\node_modules\\router\\lib\\layer.js:152:17)\n    at next (C:\\Users\\ABDULLAH\\acquisitions\\WebstormProjects\\acquisitions\\node_modules\\router\\lib\\route.js:157:13)\n    at Route.dispatch (C:\\Users\\ABDULLAH\\acquisitions\\WebstormProjects\\acquisitions\\node_modules\\router\\lib\\route.js:117:3)\n    at handle (C:\\Users\\ABDULLAH\\acquisitions\\WebstormProjects\\acquisitions\\node_modules\\router\\index.js:435:11)\n    at Layer.handleRequest (C:\\Users\\ABDULLAH\\acquisitions\\WebstormProjects\\acquisitions\\node_modules\\router\\lib\\layer.js:152:17)\n    at C:\\Users\\ABDULLAH\\acquisitions\\WebstormProjects\\acquisitions\\node_modules\\router\\index.js:295:15\n    at processParams (C:\\Users\\ABDULLAH\\acquisitions\\WebstormProjects\\acquisitions\\node_modules\\router\\index.js:582:12)\n    at next (C:\\Users\\ABDULLAH\\acquisitions\\WebstormProjects\\acquisitions\\node_modules\\router\\index.js:291:5)\n    at Function.handle (C:\\Users\\ABDULLAH\\acquisitions\\WebstormProjects\\acquisitions\\node_modules\\router\\index.js:186:3)"}
{"level":"info","message":"::1 - - [04/Jul/2026:21:47:50 +0000] \"POST /api/auth/sign-up HTTP/1.1\" 500 1492 \"-\" \"HTTPie\"","service":"acquisitions-api"}
{"level":"info","message":"::1 - - [04/Jul/2026:21:49:32 +0000] \"POST /api/auth/sign-up HTTP/1.1\" 400 92 \"-\" \"HTTPie\"","service":"acquisitions-api"}
{"level":"info","message":"::1 - - [04/Jul/2026:21:52:15 +0000] \"POST /api/auth/sign-up HTTP/1.1\" 400 144 \"-\" \"HTTPie\"","service":"acquisitions-api"}
{"level":"info","message":"User registered successfully: contact@ansari.com","service":"acquisitions-api"}
{"level":"info","message":"::1 - - [04/Jul/2026:21:52:45 +0000] \"POST /api/auth/sign-up HTTP/1.1\" 201 106 \"-\" \"HTTPie\"","service":"acquisitions-api"}
{"level":"info","message":"User registered successfully: contact@ansari.com","service":"acquisitions-api"}
{"level":"info","message":"::1 - - [04/Jul/2026:21:53:07 +0000] \"POST /api/auth/sign-up HTTP/1.1\" 201 106 \"-\" \"HTTPie\"","service":"acquisitions-api"}
{"level":"info","message":"User registered successfully: contact@ansari.com","service":"acquisitions-api"}
{"level":"info","message":"::1 - - [04/Jul/2026:21:53:09 +0000] \"POST /api/auth/sign-up HTTP/1.1\" 201 106 \"-\" \"HTTPie\"","service":"acquisitions-api"}
{"level":"error","message":"Signup error password is not defined","service":"acquisitions-api","stack":"ReferenceError: password is not defined\n    at signup (file:///C:/Users/ABDULLAH/acquisitions/WebstormProjects/acquisitions/src/controllers/auth.controller.js:21:54)\n    at Layer.handleRequest (C:\\Users\\ABDULLAH\\acquisitions\\WebstormProjects\\acquisitions\\node_modules\\router\\lib\\layer.js:152:17)\n    at next (C:\\Users\\ABDULLAH\\acquisitions\\WebstormProjects\\acquisitions\\node_modules\\router\\lib\\route.js:157:13)\n    at Route.dispatch (C:\\Users\\ABDULLAH\\acquisitions\\WebstormProjects\\acquisitions\\node_modules\\router\\lib\\route.js:117:3)\n    at handle (C:\\Users\\ABDULLAH\\acquisitions\\WebstormProjects\\acquisitions\\node_modules\\router\\index.js:435:11)\n    at Layer.handleRequest (C:\\Users\\ABDULLAH\\acquisitions\\WebstormProjects\\acquisitions\\node_modules\\router\\lib\\layer.js:152:17)\n    at C:\\Users\\ABDULLAH\\acquisitions\\WebstormProjects\\acquisitions\\node_modules\\router\\index.js:295:15\n    at processParams (C:\\Users\\ABDULLAH\\acquisitions\\WebstormProjects\\acquisitions\\node_modules\\router\\index.js:582:12)\n    at next (C:\\Users\\ABDULLAH\\acquisitions\\WebstormProjects\\acquisitions\\node_modules\\router\\index.js:291:5)\n    at Function.handle (C:\\Users\\ABDULLAH\\acquisitions\\WebstormProjects\\acquisitions\\node_modules\\router\\index.js:186:3)"}
{"level":"info","message":"::1 - - [04/Jul/2026:22:39:42 +0000] \"POST /api/auth/sign-up HTTP/1.1\" 500 1489 \"-\" \"HTTPie\"","service":"acquisitions-api"}
{"level":"error","message":"Signup error password is not defined","service":"acquisitions-api","stack":"ReferenceError: password is not defined\n    at signup (file:///C:/Users/ABDULLAH/acquisitions/WebstormProjects/acquisitions/src/controllers/auth.controller.js:22:54)\n    at Layer.handleRequest (C:\\Users\\ABDULLAH\\acquisitions\\WebstormProjects\\acquisitions\\node_modules\\router\\lib\\layer.js:152:17)\n    at next (C:\\Users\\ABDULLAH\\acquisitions\\WebstormProjects\\acquisitions\\node_modules\\router\\lib\\route.js:157:13)\n    at Route.dispatch (C:\\Users\\ABDULLAH\\acquisitions\\WebstormProjects\\acquisitions\\node_modules\\router\\lib\\route.js:117:3)\n    at handle (C:\\Users\\ABDULLAH\\acquisitions\\WebstormProjects\\acquisitions\\node_modules\\router\\index.js:435:11)\n    at Layer.handleRequest (C:\\Users\\ABDULLAH\\acquisitions\\WebstormProjects\\acquisitions\\node_modules\\router\\lib\\layer.js:152:17)\n    at C:\\Users\\ABDULLAH\\acquisitions\\WebstormProjects\\acquisitions\\node_modules\\router\\index.js:295:15\n    at processParams (C:\\Users\\ABDULLAH\\acquisitions\\WebstormProjects\\acquisitions\\node_modules\\router\\index.js:582:12)\n    at next (C:\\Users\\ABDULLAH\\acquisitions\\WebstormProjects\\acquisitions\\node_modules\\router\\index.js:291:5)\n    at Function.handle (C:\\Users\\ABDULLAH\\acquisitions\\WebstormProjects\\acquisitions\\node_modules\\router\\index.js:186:3)"}
{"level":"info","message":"::1 - - [04/Jul/2026:22:41:49 +0000] \"POST /api/auth/sign-up HTTP/1.1\" 500 1489 \"-\" \"HTTPie\"","service":"acquisitions-api"}
{"level":"error","message":"Signup error password is not defined","service":"acquisitions-api","stack":"ReferenceError: password is not defined\n    at signup (file:///C:/Users/ABDULLAH/acquisitions/WebstormProjects/acquisitions/src/controllers/auth.controller.js:21:54)\n    at Layer.handleRequest (C:\\Users\\ABDULLAH\\acquisitions\\WebstormProjects\\acquisitions\\node_modules\\router\\lib\\layer.js:152:17)\n    at next (C:\\Users\\ABDULLAH\\acquisitions\\WebstormProjects\\acquisitions\\node_modules\\router\\lib\\route.js:157:13)\n    at Route.dispatch (C:\\Users\\ABDULLAH\\acquisitions\\WebstormProjects\\acquisitions\\node_modules\\router\\lib\\route.js:117:3)\n    at handle (C:\\Users\\ABDULLAH\\acquisitions\\WebstormProjects\\acquisitions\\node_modules\\router\\index.js:435:11)\n    at Layer.handleRequest (C:\\Users\\ABDULLAH\\acquisitions\\WebstormProjects\\acquisitions\\node_modules\\router\\lib\\layer.js:152:17)\n    at C:\\Users\\ABDULLAH\\acquisitions\\WebstormProjects\\acquisitions\\node_modules\\router\\index.js:295:15\n    at processParams (C:\\Users\\ABDULLAH\\acquisitions\\WebstormProjects\\acquisitions\\node_modules\\router\\index.js:582:12)\n    at next (C:\\Users\\ABDULLAH\\acquisitions\\WebstormProjects\\acquisitions\\node_modules\\router\\index.js:291:5)\n    at Function.handle (C:\\Users\\ABDULLAH\\acquisitions\\WebstormProjects\\acquisitions\\node_modules\\router\\index.js:186:3)"}
{"level":"info","message":"::1 - - [04/Jul/2026:22:53:13 +0000] \"POST /api/auth/sign-up HTTP/1.1\" 500 1489 \"-\" \"HTTPie\"","service":"acquisitions-api"}
{"level":"info","message":"User contact@ansari.com created successfully","service":"acquisitions-api"}
{"level":"info","message":"User registered successfully: contact@ansari.com","service":"acquisitions-api"}
{"level":"info","message":"::1 - - [04/Jul/2026:23:05:33 +0000] \"POST /api/auth/sign-up HTTP/1.1\" 201 106 \"-\" \"HTTPie\"","service":"acquisitions-api"}
{"level":"error","message":"Error creating the user: $(e)","service":"acquisitions-api"}
{"level":"error","message":"Signup error User already exists","service":"acquisitions-api","stack":"Error: User already exists\n    at createUser (file:///C:/Users/ABDULLAH/acquisitions/WebstormProjects/acquisitions/src/services/auth.services.js:24:43)\n    at process.processTicksAndRejections (node:internal/process/task_queues:105:5)\n    at async signup (file:///C:/Users/ABDULLAH/acquisitions/WebstormProjects/acquisitions/src/controllers/auth.controller.js:21:22)"}
{"level":"info","message":"::1 - - [04/Jul/2026:23:05:49 +0000] \"POST /api/auth/sign-up HTTP/1.1\" 500 532 \"-\" \"HTTPie\"","service":"acquisitions-api"}
{"level":"info","message":"User abdullah@ansari.com created successfully","service":"acquisitions-api"}
{"level":"info","message":"User registered successfully: abdullah@ansari.com","service":"acquisitions-api"}
{"level":"info","message":"::1 - - [04/Jul/2026:23:06:17 +0000] \"POST /api/auth/sign-up HTTP/1.1\" 201 105 \"-\" \"HTTPie\"","service":"acquisitions-api"}
{"level":"info","message":"Hello from Acquisitions!","service":"acquisitions-api"}
{"level":"info","message":"::1 - - [04/Jul/2026:23:44:34 +0000] \"GET / HTTP/1.1\" 304 - \"-\" \"Mozilla/5.0 (Windows NT 10.0; Win64; x64) AppleWebKit/537.36 (KHTML, like Gecko) Chrome/150.0.0.0 Safari/537.36\"","service":"acquisitions-api"}
{"level":"info","message":"Hello from Acquisitions!","service":"acquisitions-api"}
{"level":"info","message":"::1 - - [04/Jul/2026:23:54:26 +0000] \"GET / HTTP/1.1\" 304 - \"-\" \"Mozilla/5.0 (Windows NT 10.0; Win64; x64) AppleWebKit/537.36 (KHTML, like Gecko) Chrome/150.0.0.0 Safari/537.36\"","service":"acquisitions-api"}
{"level":"error","message":"Error creating the user: Error: User already exists","service":"acquisitions-api"}
{"level":"error","message":"Signup error User already exists","service":"acquisitions-api","stack":"Error: User already exists\n    at createUser (file:///C:/Users/ABDULLAH/acquisitions/WebstormProjects/acquisitions/src/services/auth.services.js:33:43)\n    at process.processTicksAndRejections (node:internal/process/task_queues:105:5)\n    at async signup (file:///C:/Users/ABDULLAH/acquisitions/WebstormProjects/acquisitions/src/controllers/auth.controller.js:21:22)"}
{"level":"info","message":"::1 - - [04/Jul/2026:23:54:43 +0000] \"POST /api/auth/sign-up HTTP/1.1\" 409 31 \"-\" \"HTTPie\"","service":"acquisitions-api"}
{"level":"info","message":"User dagoat@ansari.com created successfully","service":"acquisitions-api"}
{"level":"info","message":"User registered successfully: dagoat@ansari.com","service":"acquisitions-api"}
{"level":"info","message":"::1 - - [04/Jul/2026:23:54:56 +0000] \"POST /api/auth/sign-up HTTP/1.1\" 201 103 \"-\" \"HTTPie\"","service":"acquisitions-api"}
{"level":"info","message":"User logged in successfully: dagoat@ansari.com","service":"acquisitions-api"}
{"level":"info","message":"::1 - - [04/Jul/2026:23:56:16 +0000] \"POST /api/auth/sign-in HTTP/1.1\" 200 102 \"-\" \"HTTPie\"","service":"acquisitions-api"}
{"level":"info","message":"User logged in successfully: abdullah@ansari.com","service":"acquisitions-api"}
{"level":"info","message":"::1 - - [04/Jul/2026:23:56:30 +0000] \"POST /api/auth/sign-in HTTP/1.1\" 200 104 \"-\" \"HTTPie\"","service":"acquisitions-api"}
{"level":"info","message":"User logged out","service":"acquisitions-api"}
{"level":"info","message":"::1 - - [04/Jul/2026:23:56:35 +0000] \"POST /api/auth/sign-out HTTP/1.1\" 200 29 \"-\" \"HTTPie\"","service":"acquisitions-api"}
{"level":"info","message":"::1 - - [05/Jul/2026:00:30:24 +0000] \"GET /health HTTP/1.1\" - - \"-\" \"HTTPie\"","service":"acquisitions-api"}
{"level":"info","message":"::1 - - [05/Jul/2026:00:32:58 +0000] \"GET /health HTTP/1.1\" 200 74 \"-\" \"HTTPie\"","service":"acquisitions-api"}
{"level":"info","message":"::1 - - [05/Jul/2026:00:33:00 +0000] \"GET /health HTTP/1.1\" 200 74 \"-\" \"HTTPie\"","service":"acquisitions-api"}
{"level":"info","message":"::1 - - [05/Jul/2026:00:33:01 +0000] \"GET /health HTTP/1.1\" 200 74 \"-\" \"HTTPie\"","service":"acquisitions-api"}
{"level":"info","message":"::1 - - [05/Jul/2026:00:33:01 +0000] \"GET /health HTTP/1.1\" 200 74 \"-\" \"HTTPie\"","service":"acquisitions-api"}
{"level":"info","message":"::1 - - [05/Jul/2026:00:33:02 +0000] \"GET /health HTTP/1.1\" 200 74 \"-\" \"HTTPie\"","service":"acquisitions-api"}
{"level":"info","message":"::1 - - [05/Jul/2026:00:33:02 +0000] \"GET /health HTTP/1.1\" 200 74 \"-\" \"HTTPie\"","service":"acquisitions-api"}
{"ip":"::1","level":"warn","message":"Rate limit exceeded","path":"/health","service":"acquisitions-api","userAgent":"HTTPie"}
{"level":"info","message":"::1 - - [05/Jul/2026:00:33:03 +0000] \"GET /health HTTP/1.1\" 429 97 \"-\" \"HTTPie\"","service":"acquisitions-api"}
{"ip":"::1","level":"warn","message":"Rate limit exceeded","path":"/health","service":"acquisitions-api","userAgent":"HTTPie"}
{"level":"info","message":"::1 - - [05/Jul/2026:00:33:03 +0000] \"GET /health HTTP/1.1\" 429 97 \"-\" \"HTTPie\"","service":"acquisitions-api"}
{"ip":"::1","level":"warn","message":"Rate limit exceeded","path":"/health","service":"acquisitions-api","userAgent":"HTTPie"}
{"level":"info","message":"::1 - - [05/Jul/2026:00:33:03 +0000] \"GET /health HTTP/1.1\" 429 97 \"-\" \"HTTPie\"","service":"acquisitions-api"}
{"level":"info","message":"::1 - - [05/Jul/2026:08:28:33 +0000] \"GET /health HTTP/1.1\" 200 75 \"-\" \"-\"","service":"acquisitions-api"}
{"level":"info","message":"Hello from Acquisitions!","service":"acquisitions-api"}
{"level":"info","message":"::ffff:172.20.0.1 - - [05/Jul/2026:08:28:48 +0000] \"GET / HTTP/1.1\" 200 23 \"-\" \"Mozilla/5.0 (Windows NT 10.0; Win64; x64) AppleWebKit/537.36 (KHTML, like Gecko) Chrome/150.0.0.0 Safari/537.36\"","service":"acquisitions-api"}
{"level":"info","message":"::ffff:172.20.0.1 - - [05/Jul/2026:08:28:48 +0000] \"GET /favicon.ico HTTP/1.1\" 404 150 \"-\" \"Mozilla/5.0 (Windows NT 10.0; Win64; x64) AppleWebKit/537.36 (KHTML, like Gecko) Chrome/150.0.0.0 Safari/537.36\"","service":"acquisitions-api"}
{"level":"info","message":"::1 - - [05/Jul/2026:08:29:03 +0000] \"GET /health HTTP/1.1\" 200 76 \"-\" \"-\"","service":"acquisitions-api"}
{"level":"info","message":"::ffff:172.20.0.1 - - [05/Jul/2026:08:29:23 +0000] \"GET /health HTTP/1.1\" 200 76 \"-\" \"HTTPie\"","service":"acquisitions-api"}
{"level":"info","message":"::1 - - [05/Jul/2026:08:29:34 +0000] \"GET /health HTTP/1.1\" 200 76 \"-\" \"-\"","service":"acquisitions-api"}
{"level":"info","message":"::ffff:172.20.0.1 - - [05/Jul/2026:08:29:34 +0000] \"GET /health HTTP/1.1\" 200 75 \"-\" \"HTTPie\"","service":"acquisitions-api"}
{"level":"info","message":"::ffff:172.20.0.1 - - [05/Jul/2026:08:29:50 +0000] \"GET /api/sign-up HTTP/1.1\" 404 150 \"-\" \"HTTPie\"","service":"acquisitions-api"}
{"level":"info","message":"::ffff:172.20.0.1 - - [05/Jul/2026:08:30:02 +0000] \"GET /api/signup HTTP/1.1\" 404 149 \"-\" \"HTTPie\"","service":"acquisitions-api"}
{"ip":"::1","level":"warn","message":"Rate limit exceeded","path":"/health","service":"acquisitions-api"}
{"level":"info","message":"::1 - - [05/Jul/2026:08:30:04 +0000] \"GET /health HTTP/1.1\" 429 97 \"-\" \"-\"","service":"acquisitions-api"}
{"ip":"::ffff:172.20.0.1","level":"warn","message":"Rate limit exceeded","path":"/api/sign-up","service":"acquisitions-api","userAgent":"HTTPie"}
{"level":"info","message":"::ffff:172.20.0.1 - - [05/Jul/2026:08:30:04 +0000] \"GET /api/sign-up HTTP/1.1\" 429 97 \"-\" \"HTTPie\"","service":"acquisitions-api"}
{"ip":"::ffff:172.20.0.1","level":"warn","message":"Rate limit exceeded","path":"/api/sign-up","service":"acquisitions-api","userAgent":"HTTPie"}
{"level":"info","message":"::ffff:172.20.0.1 - - [05/Jul/2026:08:30:18 +0000] \"POST /api/sign-up HTTP/1.1\" 429 97 \"-\" \"HTTPie\"","service":"acquisitions-api"}
{"ip":"::1","level":"warn","message":"Rate limit exceeded","path":"/health","service":"acquisitions-api"}
{"level":"info","message":"::1 - - [05/Jul/2026:08:30:34 +0000] \"GET /health HTTP/1.1\" 429 97 \"-\" \"-\"","service":"acquisitions-api"}
{"level":"info","message":"::1 - - [05/Jul/2026:08:31:04 +0000] \"GET /health HTTP/1.1\" 200 77 \"-\" \"-\"","service":"acquisitions-api"}
{"level":"info","message":"::1 - - [05/Jul/2026:08:31:35 +0000] \"GET /health HTTP/1.1\" 200 77 \"-\" \"-\"","service":"acquisitions-api"}
{"level":"info","message":"::1 - - [05/Jul/2026:08:32:05 +0000] \"GET /health HTTP/1.1\" 200 76 \"-\" \"-\"","service":"acquisitions-api"}
{"level":"info","message":"::ffff:172.20.0.1 - - [05/Jul/2026:08:32:09 +0000] \"POST /api/sign-up HTTP/1.1\" 404 151 \"-\" \"HTTPie\"","service":"acquisitions-api"}
{"level":"info","message":"User ansari@ansari.com created successfully","service":"acquisitions-api"}
{"level":"info","message":"User registered successfully: ansari@ansari.com","service":"acquisitions-api"}
{"level":"info","message":"::ffff:172.20.0.1 - - [05/Jul/2026:08:32:32 +0000] \"POST /api/auth/sign-up HTTP/1.1\" 201 103 \"-\" \"HTTPie\"","service":"acquisitions-api"}
{"level":"info","message":"::1 - - [05/Jul/2026:08:32:35 +0000] \"GET /health HTTP/1.1\" 200 77 \"-\" \"-\"","service":"acquisitions-api"}
{"level":"info","message":"::1 - - [05/Jul/2026:08:33:05 +0000] \"GET /health HTTP/1.1\" 200 77 \"-\" \"-\"","service":"acquisitions-api"}
{"level":"info","message":"::1 - - [05/Jul/2026:08:33:35 +0000] \"GET /health HTTP/1.1\" 200 77 \"-\" \"-\"","service":"acquisitions-api"}
{"level":"info","message":"User bruh@ansari.com created successfully","service":"acquisitions-api"}
{"level":"info","message":"User registered successfully: bruh@ansari.com","service":"acquisitions-api"}
{"level":"info","message":"::ffff:172.20.0.1 - - [05/Jul/2026:08:33:57 +0000] \"POST /api/auth/sign-up HTTP/1.1\" 201 99 \"-\" \"HTTPie\"","service":"acquisitions-api"}
{"level":"info","message":"::1 - - [05/Jul/2026:08:34:06 +0000] \"GET /health HTTP/1.1\" 200 77 \"-\" \"-\"","service":"acquisitions-api"}
{"level":"info","message":"::1 - - [05/Jul/2026:08:34:36 +0000] \"GET /health HTTP/1.1\" 200 77 \"-\" \"-\"","service":"acquisitions-api"}
{"level":"info","message":"::1 - - [05/Jul/2026:08:35:06 +0000] \"GET /health HTTP/1.1\" 200 77 \"-\" \"-\"","service":"acquisitions-api"}
{"level":"info","message":"::1 - - [05/Jul/2026:08:35:36 +0000] \"GET /health HTTP/1.1\" 200 77 \"-\" \"-\"","service":"acquisitions-api"}
{"level":"info","message":"User gotcha@ansari.com created successfully","service":"acquisitions-api"}
{"level":"info","message":"User registered successfully: gotcha@ansari.com","service":"acquisitions-api"}
{"level":"info","message":"::ffff:172.20.0.1 - - [05/Jul/2026:08:35:39 +0000] \"POST /api/auth/sign-up HTTP/1.1\" 201 103 \"-\" \"HTTPie\"","service":"acquisitions-api"}
{"level":"info","message":"::1 - - [05/Jul/2026:08:36:07 +0000] \"GET /health HTTP/1.1\" 200 77 \"-\" \"-\"","service":"acquisitions-api"}
{"level":"info","message":"::1 - - [05/Jul/2026:08:36:37 +0000] \"GET /health HTTP/1.1\" 200 77 \"-\" \"-\"","service":"acquisitions-api"}
{"level":"info","message":"::1 - - [05/Jul/2026:08:37:07 +0000] \"GET /health HTTP/1.1\" 200 77 \"-\" \"-\"","service":"acquisitions-api"}
{"level":"info","message":"::1 - - [05/Jul/2026:08:37:37 +0000] \"GET /health HTTP/1.1\" 200 77 \"-\" \"-\"","service":"acquisitions-api"}
{"level":"info","message":"User dream@ansari.com created successfully","service":"acquisitions-api"}
{"level":"info","message":"User registered successfully: dream@ansari.com","service":"acquisitions-api"}
{"level":"info","message":"::ffff:172.20.0.1 - - [05/Jul/2026:08:38:02 +0000] \"POST /api/auth/sign-up HTTP/1.1\" 201 101 \"-\" \"HTTPie\"","service":"acquisitions-api"}
{"level":"info","message":"::1 - - [05/Jul/2026:08:38:08 +0000] \"GET /health HTTP/1.1\" 200 77 \"-\" \"-\"","service":"acquisitions-api"}
{"level":"info","message":"::1 - - [05/Jul/2026:08:38:38 +0000] \"GET /health HTTP/1.1\" 200 77 \"-\" \"-\"","service":"acquisitions-api"}
{"level":"info","message":"::1 - - [05/Jul/2026:08:39:08 +0000] \"GET /health HTTP/1.1\" 200 76 \"-\" \"-\"","service":"acquisitions-api"}
{"level":"info","message":"::1 - - [05/Jul/2026:08:39:38 +0000] \"GET /health HTTP/1.1\" 200 77 \"-\" \"-\"","service":"acquisitions-api"}
{"level":"info","message":"::1 - - [05/Jul/2026:08:40:08 +0000] \"GET /health HTTP/1.1\" 200 77 \"-\" \"-\"","service":"acquisitions-api"}
{"level":"info","message":"::1 - - [05/Jul/2026:08:40:39 +0000] \"GET /health HTTP/1.1\" 200 77 \"-\" \"-\"","service":"acquisitions-api"}
{"level":"info","message":"::1 - - [05/Jul/2026:08:41:09 +0000] \"GET /health HTTP/1.1\" 200 77 \"-\" \"-\"","service":"acquisitions-api"}
{"level":"info","message":"::1 - - [05/Jul/2026:08:41:39 +0000] \"GET /health HTTP/1.1\" 200 77 \"-\" \"-\"","service":"acquisitions-api"}
{"level":"info","message":"::1 - - [05/Jul/2026:08:42:09 +0000] \"GET /health HTTP/1.1\" 200 77 \"-\" \"-\"","service":"acquisitions-api"}
{"level":"info","message":"::1 - - [05/Jul/2026:08:42:39 +0000] \"GET /health HTTP/1.1\" 200 77 \"-\" \"-\"","service":"acquisitions-api"}
{"level":"info","message":"::1 - - [05/Jul/2026:08:43:10 +0000] \"GET /health HTTP/1.1\" 200 76 \"-\" \"-\"","service":"acquisitions-api"}
{"level":"info","message":"::1 - - [05/Jul/2026:08:44:03 +0000] \"GET /health HTTP/1.1\" 200 75 \"-\" \"-\"","service":"acquisitions-api"}
{"level":"info","message":"::1 - - [05/Jul/2026:08:44:33 +0000] \"GET /health HTTP/1.1\" 200 76 \"-\" \"-\"","service":"acquisitions-api"}
{"level":"info","message":"::1 - - [05/Jul/2026:08:45:03 +0000] \"GET /health HTTP/1.1\" 200 76 \"-\" \"-\"","service":"acquisitions-api"}
{"level":"info","message":"::1 - - [05/Jul/2026:08:45:34 +0000] \"GET /health HTTP/1.1\" 200 76 \"-\" \"-\"","service":"acquisitions-api"}
{"level":"info","message":"::1 - - [05/Jul/2026:08:46:04 +0000] \"GET /health HTTP/1.1\" 200 77 \"-\" \"-\"","service":"acquisitions-api"}
{"level":"info","message":"::1 - - [05/Jul/2026:08:46:34 +0000] \"GET /health HTTP/1.1\" 200 77 \"-\" \"-\"","service":"acquisitions-api"}
{"level":"info","message":"::1 - - [05/Jul/2026:08:47:23 +0000] \"GET /health HTTP/1.1\" 200 75 \"-\" \"-\"","service":"acquisitions-api"}
{"level":"info","message":"::1 - - [05/Jul/2026:08:47:53 +0000] \"GET /health HTTP/1.1\" 200 76 \"-\" \"-\"","service":"acquisitions-api"}
{"level":"info","message":"::1 - - [05/Jul/2026:08:48:23 +0000] \"GET /health HTTP/1.1\" 200 76 \"-\" \"-\"","service":"acquisitions-api"}
{"level":"info","message":"::1 - - [05/Jul/2026:08:48:53 +0000] \"GET /health HTTP/1.1\" 200 76 \"-\" \"-\"","service":"acquisitions-api"}
{"level":"info","message":"::1 - - [05/Jul/2026:08:49:23 +0000] \"GET /health HTTP/1.1\" 200 77 \"-\" \"-\"","service":"acquisitions-api"}
{"level":"info","message":"::1 - - [05/Jul/2026:08:49:54 +0000] \"GET /health HTTP/1.1\" 200 77 \"-\" \"-\"","service":"acquisitions-api"}
{"level":"info","message":"::1 - - [05/Jul/2026:08:50:24 +0000] \"GET /health HTTP/1.1\" 200 77 \"-\" \"-\"","service":"acquisitions-api"}
{"level":"info","message":"::1 - - [05/Jul/2026:08:50:54 +0000] \"GET /health HTTP/1.1\" 200 77 \"-\" \"-\"","service":"acquisitions-api"}
{"level":"info","message":"::1 - - [05/Jul/2026:08:51:24 +0000] \"GET /health HTTP/1.1\" 200 77 \"-\" \"-\"","service":"acquisitions-api"}
{"level":"info","message":"::1 - - [05/Jul/2026:08:51:56 +0000] \"GET /health HTTP/1.1\" 200 77 \"-\" \"-\"","service":"acquisitions-api"}
{"level":"info","message":"::1 - - [05/Jul/2026:08:52:26 +0000] \"GET /health HTTP/1.1\" 200 77 \"-\" \"-\"","service":"acquisitions-api"}
{"level":"info","message":"::1 - - [05/Jul/2026:08:52:56 +0000] \"GET /health HTTP/1.1\" 200 77 \"-\" \"-\"","service":"acquisitions-api"}
